
**************
INSIDE GETATTR
**************
    si:
    st_dev = 0
    st_ino = 0
    st_mode = 040666
    st_nlink = 1
    st_uid = 0
    st_gid = 0
    st_rdev = 0
    st_size = 2048
    st_blksize = 0
    st_blocks = 0
    st_atime = 0x00000000
    st_mtime = 0x00000000
    st_ctime = 0x00000000

**************
INSIDE GETATTR
**************
    si:
    st_dev = 0
    st_ino = 0
    st_mode = 040666
    st_nlink = 1
    st_uid = 0
    st_gid = 0
    st_rdev = 0
    st_size = 2048
    st_blksize = 0
    st_blocks = 0
    st_atime = 0x00000000
    st_mtime = 0x00000000
    st_ctime = 0x00000000

**************
INSIDE GETATTR
**************
    si:
    st_dev = 0
    st_ino = 0
    st_mode = 040666
    st_nlink = 1
    st_uid = 0
    st_gid = 0
    st_rdev = 0
    st_size = 2048
    st_blksize = 0
    st_blocks = 0
    st_atime = 0x00000000
    st_mtime = 0x00000000
    st_ctime = 0x00000000

**************
INSIDE GETATTR
**************
    si:
    st_dev = 0
    st_ino = 0
    st_mode = 040666
    st_nlink = 1
    st_uid = 0
    st_gid = 0
    st_rdev = 0
    st_size = 2048
    st_blksize = 0
    st_blocks = 0
    st_atime = 0x00000000
    st_mtime = 0x00000000
    st_ctime = 0x00000000

**************
INSIDE GETATTR
**************
    si:
    st_dev = 0
    st_ino = 0
    st_mode = 0100666
    st_nlink = 1
    st_uid = 0
    st_gid = 0
    st_rdev = 0
    st_size = 1024
    st_blksize = 0
    st_blocks = 0
    st_atime = 0x00000000
    st_mtime = 0x00000000
    st_ctime = 0x00000000

**************
INSIDE GETATTR
**************
    si:
    st_dev = 0
    st_ino = 0
    st_mode = 0100666
    st_nlink = 1
    st_uid = 0
    st_gid = 0
    st_rdev = 0
    st_size = 1024
    st_blksize = 0
    st_blocks = 0
    st_atime = 0x00000000
    st_mtime = 0x00000000
    st_ctime = 0x00000000

**************
INSIDE GETATTR
**************
    si:
    st_dev = 0
    st_ino = 0
    st_mode = 040666
    st_nlink = 1
    st_uid = 0
    st_gid = 0
    st_rdev = 0
    st_size = 2048
    st_blksize = 0
    st_blocks = 0
    st_atime = 0x00000000
    st_mtime = 0x00000000
    st_ctime = 0x00000000

**************
INSIDE GETATTR
**************
    si:
    st_dev = 0
    st_ino = 0
    st_mode = 0100666
    st_nlink = 1
    st_uid = 0
    st_gid = 0
    st_rdev = 0
    st_size = 1024
    st_blksize = 0
    st_blocks = 0
    st_atime = 0x00000000
    st_mtime = 0x00000000
    st_ctime = 0x00000000

**************
INSIDE GETATTR
**************
    si:
    st_dev = 0
    st_ino = 0
    st_mode = 0100666
    st_nlink = 1
    st_uid = 0
    st_gid = 0
    st_rdev = 0
    st_size = 1024
    st_blksize = 0
    st_blocks = 0
    st_atime = 0x00000000
    st_mtime = 0x00000000
    st_ctime = 0x00000000

**************
INSIDE GETATTR
**************
    si:
    st_dev = 0
    st_ino = 0
    st_mode = 040666
    st_nlink = 1
    st_uid = 0
    st_gid = 0
    st_rdev = 0
    st_size = 2048
    st_blksize = 0
    st_blocks = 0
    st_atime = 0x00000000
    st_mtime = 0x00000000
    st_ctime = 0x00000000

**************
INSIDE GETATTR
**************
    si:
    st_dev = 0
    st_ino = 0
    st_mode = 040666
    st_nlink = 1
    st_uid = 0
    st_gid = 0
    st_rdev = 0
    st_size = 2048
    st_blksize = 0
    st_blocks = 0
    st_atime = 0x00000000
    st_mtime = 0x00000000
    st_ctime = 0x00000000

**************
INSIDE GETATTR
**************
    si:
    st_dev = 0
    st_ino = 0
    st_mode = 0100666
    st_nlink = 1
    st_uid = 0
    st_gid = 0
    st_rdev = 0
    st_size = 1024
    st_blksize = 0
    st_blocks = 0
    st_atime = 0x00000000
    st_mtime = 0x00000000
    st_ctime = 0x00000000

**************
INSIDE OPEN
**************

bb_open(path"/file1", fi=0xb1f38ce0)
    open returned 5
    fi:
    flags = 0x00008000
    fh_old = 0x00000000
    writepage = 0
    direct_io = 0
    keep_cache = 0
    fh = 0x0000000000000005
    lock_owner = 0x0000000000000000

bb_read(path="/file1", buf=0xa40015d0, size=4096, offset=0, fi=0xb1737ce0)
    fi:
    flags = 0x00008000
    fh_old = 0x00000005
    writepage = 0
    direct_io = 0
    keep_cache = 0
    fh = 0x0000000000000005
    lock_owner = 0x0000000000000000

**************
INSIDE READ file1
**************
    pread returned 1024

**************
INSIDE GETATTR
**************
    si:
    st_dev = 0
    st_ino = 0
    st_mode = 0100666
    st_nlink = 1
    st_uid = 0
    st_gid = 0
    st_rdev = 0
    st_size = 1024
    st_blksize = 0
    st_blocks = 0
    st_atime = 0x00000000
    st_mtime = 0x00000000
    st_ctime = 0x00000000

**************
INSIDE GETATTR
**************
    si:
    st_dev = 0
    st_ino = 0
    st_mode = 040666
    st_nlink = 1
    st_uid = 0
    st_gid = 0
    st_rdev = 0
    st_size = 2048
    st_blksize = 0
    st_blocks = 0
    st_atime = 0x00000000
    st_mtime = 0x00000000
    st_ctime = 0x00000000

**************
INSIDE GETATTR
**************
    si:
    st_dev = 0
    st_ino = 0
    st_mode = 0100666
    st_nlink = 1
    st_uid = 0
    st_gid = 0
    st_rdev = 0
    st_size = 1024
    st_blksize = 0
    st_blocks = 0
    st_atime = 0x00000000
    st_mtime = 0x00000000
    st_ctime = 0x00000000

**************
INSIDE GETATTR
**************
    si:
    st_dev = 0
    st_ino = 0
    st_mode = 0100666
    st_nlink = 1
    st_uid = 0
    st_gid = 0
    st_rdev = 0
    st_size = 1024
    st_blksize = 0
    st_blocks = 0
    st_atime = 0x00000000
    st_mtime = 0x00000000
    st_ctime = 0x00000000

**************
INSIDE GETATTR
**************
    si:
    st_dev = 0
    st_ino = 0
    st_mode = 0100666
    st_nlink = 1
    st_uid = 0
    st_gid = 0
    st_rdev = 0
    st_size = 1024
    st_blksize = 0
    st_blocks = 0
    st_atime = 0x00000000
    st_mtime = 0x00000000
    st_ctime = 0x00000000

**************
INSIDE OPEN
**************

bb_open(path"/file1", fi=0xb1f38ce0)
    open returned 6
    fi:
    flags = 0x00008001
    fh_old = 0x00000000
    writepage = 0
    direct_io = 0
    keep_cache = 0
    fh = 0x0000000000000006
    lock_owner = 0x0000000000000000

**************
INSIDE GETATTR
**************
    si:
    st_dev = 0
    st_ino = 0
    st_mode = 0100666
    st_nlink = 1
    st_uid = 0
    st_gid = 0
    st_rdev = 0
    st_size = 1024
    st_blksize = 0
    st_blocks = 0
    st_atime = 0x00000000
    st_mtime = 0x00000000
    st_ctime = 0x00000000

bb_write(path="/file1", buf=0xb2b82060, size=3, offset=0, fi=0xb1f38d50)
    fi:
    flags = 0x00008001
    fh_old = 0x00000006
    writepage = 0
    direct_io = 0
    keep_cache = 0
    fh = 0x0000000000000006
    lock_owner = 0x0000000000000000

**************
INSIDE WRITE file1
**************
    pwrite returned 3

**************
INSIDE GETATTR
**************
    si:
    st_dev = 0
    st_ino = 0
    st_mode = 0100666
    st_nlink = 1
    st_uid = 0
    st_gid = 0
    st_rdev = 0
    st_size = 1024
    st_blksize = 0
    st_blocks = 0
    st_atime = 0x00000000
    st_mtime = 0x00000000
    st_ctime = 0x00000000

**************
INSIDE OPEN
**************

bb_open(path"/file1", fi=0xb1737ce0)
    open returned 7
    fi:
    flags = 0x00008000
    fh_old = 0x00000000
    writepage = 0
    direct_io = 0
    keep_cache = 0
    fh = 0x0000000000000007
    lock_owner = 0x0000000000000000

bb_read(path="/file1", buf=0xac0027c0, size=4096, offset=0, fi=0xb1f38ce0)
    fi:
    flags = 0x00008000
    fh_old = 0x00000007
    writepage = 0
    direct_io = 0
    keep_cache = 0
    fh = 0x0000000000000007
    lock_owner = 0x0000000000000000

**************
INSIDE READ file1
**************
    pread returned 1024

**************
INSIDE GETATTR
**************
    si:
    st_dev = 0
    st_ino = 0
    st_mode = 0100666
    st_nlink = 1
    st_uid = 0
    st_gid = 0
    st_rdev = 0
    st_size = 1024
    st_blksize = 0
    st_blocks = 0
    st_atime = 0x00000000
    st_mtime = 0x00000000
    st_ctime = 0x00000000

**************
INSIDE GETATTR
**************
    si:
    st_dev = 0
    st_ino = 0
    st_mode = 040666
    st_nlink = 1
    st_uid = 0
    st_gid = 0
    st_rdev = 0
    st_size = 2048
    st_blksize = 0
    st_blocks = 0
    st_atime = 0x00000000
    st_mtime = 0x00000000
    st_ctime = 0x00000000

**************
INSIDE GETATTR
**************
    si:
    st_dev = 0
    st_ino = 0
    st_mode = 0100666
    st_nlink = 1
    st_uid = 0
    st_gid = 0
    st_rdev = 0
    st_size = 1024
    st_blksize = 0
    st_blocks = 0
    st_atime = 0x00000000
    st_mtime = 0x00000000
    st_ctime = 0x00000000

**************
INSIDE OPEN
**************

bb_open(path"/file1", fi=0xb1f38ce0)
    open returned 8
    fi:
    flags = 0x00008000
    fh_old = 0x00000000
    writepage = 0
    direct_io = 0
    keep_cache = 0
    fh = 0x0000000000000008
    lock_owner = 0x0000000000000000

bb_read(path="/file1", buf=0xac0027c0, size=4096, offset=0, fi=0xb1f38ce0)
    fi:
    flags = 0x00008000
    fh_old = 0x00000008
    writepage = 0
    direct_io = 0
    keep_cache = 0
    fh = 0x0000000000000008
    lock_owner = 0x0000000000000000

**************
INSIDE READ file1
**************
    pread returned 1024

**************
INSIDE GETATTR
**************
    si:
    st_dev = 0
    st_ino = 0
    st_mode = 0100666
    st_nlink = 1
    st_uid = 0
    st_gid = 0
    st_rdev = 0
    st_size = 1024
    st_blksize = 0
    st_blocks = 0
    st_atime = 0x00000000
    st_mtime = 0x00000000
    st_ctime = 0x00000000

**************
INSIDE GETATTR
**************
    si:
    st_dev = 0
    st_ino = 0
    st_mode = 040666
    st_nlink = 1
    st_uid = 0
    st_gid = 0
    st_rdev = 0
    st_size = 2048
    st_blksize = 0
    st_blocks = 0
    st_atime = 0x00000000
    st_mtime = 0x00000000
    st_ctime = 0x00000000

**************
INSIDE GETATTR
**************
    si:
    st_dev = 0
    st_ino = 0
    st_mode = 0100666
    st_nlink = 1
    st_uid = 0
    st_gid = 0
    st_rdev = 0
    st_size = 1024
    st_blksize = 0
    st_blocks = 0
    st_atime = 0x00000000
    st_mtime = 0x00000000
    st_ctime = 0x00000000

**************
INSIDE GETATTR
**************
    si:
    st_dev = 0
    st_ino = 0
    st_mode = 0100666
    st_nlink = 1
    st_uid = 0
    st_gid = 0
    st_rdev = 0
    st_size = 1024
    st_blksize = 0
    st_blocks = 0
    st_atime = 0x00000000
    st_mtime = 0x00000000
    st_ctime = 0x00000000

**************
INSIDE GETATTR
**************
    si:
    st_dev = 0
    st_ino = 0
    st_mode = 040666
    st_nlink = 1
    st_uid = 0
    st_gid = 0
    st_rdev = 0
    st_size = 2048
    st_blksize = 0
    st_blocks = 0
    st_atime = 0x00000000
    st_mtime = 0x00000000
    st_ctime = 0x00000000

**************
INSIDE GETATTR
**************
    si:
    st_dev = 0
    st_ino = 0
    st_mode = 040666
    st_nlink = 1
    st_uid = 0
    st_gid = 0
    st_rdev = 0
    st_size = 2048
    st_blksize = 0
    st_blocks = 0
    st_atime = 0x00000000
    st_mtime = 0x00000000
    st_ctime = 0x00000000

**************
INSIDE GETATTR
**************
    si:
    st_dev = 0
    st_ino = 0
    st_mode = 040666
    st_nlink = 1
    st_uid = 0
    st_gid = 0
    st_rdev = 0
    st_size = 2048
    st_blksize = 0
    st_blocks = 0
    st_atime = 0x00000000
    st_mtime = 0x00000000
    st_ctime = 0x00000000

**************
INSIDE GETATTR
**************
    si:
    st_dev = 0
    st_ino = 0
    st_mode = 0100666
    st_nlink = 1
    st_uid = 0
    st_gid = 0
    st_rdev = 0
    st_size = 1024
    st_blksize = 0
    st_blocks = 0
    st_atime = 0x00000000
    st_mtime = 0x00000000
    st_ctime = 0x00000000

**************
INSIDE GETATTR
**************
    si:
    st_dev = 0
    st_ino = 0
    st_mode = 0100666
    st_nlink = 1
    st_uid = 0
    st_gid = 0
    st_rdev = 0
    st_size = 1024
    st_blksize = 0
    st_blocks = 0
    st_atime = 0x00000000
    st_mtime = 0x00000000
    st_ctime = 0x00000000

**************
INSIDE GETATTR
**************
    si:
    st_dev = 0
    st_ino = 0
    st_mode = 040666
    st_nlink = 1
    st_uid = 0
    st_gid = 0
    st_rdev = 0
    st_size = 2048
    st_blksize = 0
    st_blocks = 0
    st_atime = 0x00000000
    st_mtime = 0x00000000
    st_ctime = 0x00000000

**************
INSIDE GETATTR
**************
    si:
    st_dev = 0
    st_ino = 0
    st_mode = 0100666
    st_nlink = 1
    st_uid = 0
    st_gid = 0
    st_rdev = 0
    st_size = 1024
    st_blksize = 0
    st_blocks = 0
    st_atime = 0x00000000
    st_mtime = 0x00000000
    st_ctime = 0x00000000

**************
INSIDE OPEN
**************

bb_open(path"/file1", fi=0xb1f38ce0)
    open returned 9
    fi:
    flags = 0x00008001
    fh_old = 0x00000000
    writepage = 0
    direct_io = 0
    keep_cache = 0
    fh = 0x0000000000000009
    lock_owner = 0x0000000000000000

**************
INSIDE GETATTR
**************
    si:
    st_dev = 0
    st_ino = 0
    st_mode = 0100666
    st_nlink = 1
    st_uid = 0
    st_gid = 0
    st_rdev = 0
    st_size = 1024
    st_blksize = 0
    st_blocks = 0
    st_atime = 0x00000000
    st_mtime = 0x00000000
    st_ctime = 0x00000000

bb_write(path="/file1", buf=0xb2b82060, size=7, offset=10, fi=0xb1f38d50)
    fi:
    flags = 0x00008001
    fh_old = 0x00000009
    writepage = 0
    direct_io = 0
    keep_cache = 0
    fh = 0x0000000000000009
    lock_owner = 0x0000000000000000

**************
INSIDE WRITE file1
**************
    pwrite returned 7

**************
INSIDE GETATTR
**************
    si:
    st_dev = 0
    st_ino = 0
    st_mode = 040666
    st_nlink = 1
    st_uid = 0
    st_gid = 0
    st_rdev = 0
    st_size = 2048
    st_blksize = 0
    st_blocks = 0
    st_atime = 0x00000000
    st_mtime = 0x00000000
    st_ctime = 0x00000000

**************
INSIDE GETATTR
**************
    si:
    st_dev = 0
    st_ino = 0
    st_mode = 040666
    st_nlink = 1
    st_uid = 0
    st_gid = 0
    st_rdev = 0
    st_size = 2048
    st_blksize = 0
    st_blocks = 0
    st_atime = 0x00000000
    st_mtime = 0x00000000
    st_ctime = 0x00000000

**************
INSIDE GETATTR
**************
    si:
    st_dev = 0
    st_ino = 0
    st_mode = 0100666
    st_nlink = 1
    st_uid = 0
    st_gid = 0
    st_rdev = 0
    st_size = 1024
    st_blksize = 0
    st_blocks = 0
    st_atime = 0x00000000
    st_mtime = 0x00000000
    st_ctime = 0x00000000

**************
INSIDE GETATTR
**************
    si:
    st_dev = 0
    st_ino = 0
    st_mode = 0100666
    st_nlink = 1
    st_uid = 0
    st_gid = 0
    st_rdev = 0
    st_size = 1024
    st_blksize = 0
    st_blocks = 0
    st_atime = 0x00000000
    st_mtime = 0x00000000
    st_ctime = 0x00000000

**************
INSIDE GETATTR
**************
    si:
    st_dev = 0
    st_ino = 0
    st_mode = 040666
    st_nlink = 1
    st_uid = 0
    st_gid = 0
    st_rdev = 0
    st_size = 2048
    st_blksize = 0
    st_blocks = 0
    st_atime = 0x00000000
    st_mtime = 0x00000000
    st_ctime = 0x00000000

**************
INSIDE GETATTR
**************
    si:
    st_dev = 0
    st_ino = 0
    st_mode = 0100666
    st_nlink = 1
    st_uid = 0
    st_gid = 0
    st_rdev = 0
    st_size = 1024
    st_blksize = 0
    st_blocks = 0
    st_atime = 0x00000000
    st_mtime = 0x00000000
    st_ctime = 0x00000000

**************
INSIDE OPEN
**************

bb_open(path"/file1", fi=0xb1f38ce0)
    open returned 10
    fi:
    flags = 0x00008000
    fh_old = 0x00000000
    writepage = 0
    direct_io = 0
    keep_cache = 0
    fh = 0x000000000000000a
    lock_owner = 0x0000000000000000

bb_read(path="/file1", buf=0xa4001f80, size=4096, offset=0, fi=0xb1737ce0)
    fi:
    flags = 0x00008000
    fh_old = 0x0000000a
    writepage = 0
    direct_io = 0
    keep_cache = 0
    fh = 0x000000000000000a
    lock_owner = 0x0000000000000000

**************
INSIDE READ file1
**************
    pread returned 1024

**************
INSIDE GETATTR
**************
    si:
    st_dev = 0
    st_ino = 0
    st_mode = 0100666
    st_nlink = 1
    st_uid = 0
    st_gid = 0
    st_rdev = 0
    st_size = 1024
    st_blksize = 0
    st_blocks = 0
    st_atime = 0x00000000
    st_mtime = 0x00000000
    st_ctime = 0x00000000

**************
INSIDE GETATTR
**************
    si:
    st_dev = 0
    st_ino = 0
    st_mode = 040666
    st_nlink = 1
    st_uid = 0
    st_gid = 0
    st_rdev = 0
    st_size = 2048
    st_blksize = 0
    st_blocks = 0
    st_atime = 0x00000000
    st_mtime = 0x00000000
    st_ctime = 0x00000000

**************
INSIDE GETATTR
**************
    si:
    st_dev = 0
    st_ino = 0
    st_mode = 0100666
    st_nlink = 1
    st_uid = 0
    st_gid = 0
    st_rdev = 0
    st_size = 1024
    st_blksize = 0
    st_blocks = 0
    st_atime = 0x00000000
    st_mtime = 0x00000000
    st_ctime = 0x00000000

**************
INSIDE OPEN
**************

bb_open(path"/file1", fi=0xb1f38ce0)
    open returned 11
    fi:
    flags = 0x00008000
    fh_old = 0x00000000
    writepage = 0
    direct_io = 0
    keep_cache = 0
    fh = 0x000000000000000b
    lock_owner = 0x0000000000000000

bb_read(path="/file1", buf=0xa4001f80, size=4096, offset=0, fi=0xb1737ce0)
    fi:
    flags = 0x00008000
    fh_old = 0x0000000b
    writepage = 0
    direct_io = 0
    keep_cache = 0
    fh = 0x000000000000000b
    lock_owner = 0x0000000000000000

**************
INSIDE READ file1
**************
    pread returned 1024

**************
INSIDE GETATTR
**************
    si:
    st_dev = 0
    st_ino = 0
    st_mode = 0100666
    st_nlink = 1
    st_uid = 0
    st_gid = 0
    st_rdev = 0
    st_size = 1024
    st_blksize = 0
    st_blocks = 0
    st_atime = 0x00000000
    st_mtime = 0x00000000
    st_ctime = 0x00000000

**************
INSIDE GETATTR
**************
    si:
    st_dev = 0
    st_ino = 0
    st_mode = 040666
    st_nlink = 1
    st_uid = 0
    st_gid = 0
    st_rdev = 0
    st_size = 2048
    st_blksize = 0
    st_blocks = 0
    st_atime = 0x00000000
    st_mtime = 0x00000000
    st_ctime = 0x00000000

**************
INSIDE GETATTR
**************
    si:
    st_dev = 0
    st_ino = 0
    st_mode = 040666
    st_nlink = 1
    st_uid = 0
    st_gid = 0
    st_rdev = 0
    st_size = 2048
    st_blksize = 0
    st_blocks = 0
    st_atime = 0x00000000
    st_mtime = 0x00000000
    st_ctime = 0x00000000

**************
INSIDE GETATTR
**************
    si:
    st_dev = 0
    st_ino = 0
    st_mode = 0100666
    st_nlink = 1
    st_uid = 0
    st_gid = 0
    st_rdev = 0
    st_size = 1024
    st_blksize = 0
    st_blocks = 0
    st_atime = 0x00000000
    st_mtime = 0x00000000
    st_ctime = 0x00000000

**************
INSIDE OPEN
**************

bb_open(path"/file1", fi=0xb1737ce0)
    open returned 12
    fi:
    flags = 0x00008001
    fh_old = 0x00000000
    writepage = 0
    direct_io = 0
    keep_cache = 0
    fh = 0x000000000000000c
    lock_owner = 0x0000000000000000

**************
INSIDE GETATTR
**************
    si:
    st_dev = 0
    st_ino = 0
    st_mode = 0100666
    st_nlink = 1
    st_uid = 0
    st_gid = 0
    st_rdev = 0
    st_size = 1024
    st_blksize = 0
    st_blocks = 0
    st_atime = 0x00000000
    st_mtime = 0x00000000
    st_ctime = 0x00000000

bb_write(path="/file1", buf=0xb2b60060, size=7, offset=1025, fi=0xb1737d50)
    fi:
    flags = 0x00008001
    fh_old = 0x0000000c
    writepage = 0
    direct_io = 0
    keep_cache = 0
    fh = 0x000000000000000c
    lock_owner = 0x0000000000000000

**************
INSIDE WRITE file1
**************

bb_write(path="/file1", buf=0xb2b82060, size=7, offset=1025, fi=0xb1f38d50)
    fi:
    flags = 0x00008001
    fh_old = 0x0000000c
    writepage = 0
    direct_io = 0
    keep_cache = 0
    fh = 0x000000000000000c
    lock_owner = 0x0000000000000000

**************
INSIDE WRITE file1
**************

**************
INSIDE GETATTR
**************
    si:
    st_dev = 0
    st_ino = 0
    st_mode = 0100666
    st_nlink = 1
    st_uid = 0
    st_gid = 0
    st_rdev = 0
    st_size = 1024
    st_blksize = 0
    st_blocks = 0
    st_atime = 0x00000000
    st_mtime = 0x00000000
    st_ctime = 0x00000000

**************
INSIDE OPEN
**************

bb_open(path"/file1", fi=0xb1737ce0)
    open returned 13
    fi:
    flags = 0x00008001
    fh_old = 0x00000000
    writepage = 0
    direct_io = 0
    keep_cache = 0
    fh = 0x000000000000000d
    lock_owner = 0x0000000000000000

**************
INSIDE GETATTR
**************
    si:
    st_dev = 0
    st_ino = 0
    st_mode = 0100666
    st_nlink = 1
    st_uid = 0
    st_gid = 0
    st_rdev = 0
    st_size = 1024
    st_blksize = 0
    st_blocks = 0
    st_atime = 0x00000000
    st_mtime = 0x00000000
    st_ctime = 0x00000000

bb_write(path="/file1", buf=0xb2b60060, size=7, offset=1023, fi=0xb1737d50)
    fi:
    flags = 0x00008001
    fh_old = 0x0000000d
    writepage = 0
    direct_io = 0
    keep_cache = 0
    fh = 0x000000000000000d
    lock_owner = 0x0000000000000000

**************
INSIDE WRITE file1
**************
    pwrite returned 1

bb_write(path="/file1", buf=0xb2b82060, size=6, offset=1024, fi=0xb1f38d50)
    fi:
    flags = 0x00008001
    fh_old = 0x0000000d
    writepage = 0
    direct_io = 0
    keep_cache = 0
    fh = 0x000000000000000d
    lock_owner = 0x0000000000000000

**************
INSIDE WRITE file1
**************

bb_write(path="/file1", buf=0xb2b60060, size=6, offset=1024, fi=0xb1737d50)
    fi:
    flags = 0x00008001
    fh_old = 0x0000000d
    writepage = 0
    direct_io = 0
    keep_cache = 0
    fh = 0x000000000000000d
    lock_owner = 0x0000000000000000

**************
INSIDE WRITE file1
**************

**************
INSIDE GETATTR
**************
    si:
    st_dev = 0
    st_ino = 0
    st_mode = 040666
    st_nlink = 1
    st_uid = 0
    st_gid = 0
    st_rdev = 0
    st_size = 2048
    st_blksize = 0
    st_blocks = 0
    st_atime = 0x00000000
    st_mtime = 0x00000000
    st_ctime = 0x00000000

**************
INSIDE GETATTR
**************
    si:
    st_dev = 0
    st_ino = 0
    st_mode = 040666
    st_nlink = 1
    st_uid = 0
    st_gid = 0
    st_rdev = 0
    st_size = 2048
    st_blksize = 0
    st_blocks = 0
    st_atime = 0x00000000
    st_mtime = 0x00000000
    st_ctime = 0x00000000

**************
INSIDE GETATTR
**************
    si:
    st_dev = 0
    st_ino = 0
    st_mode = 040666
    st_nlink = 1
    st_uid = 0
    st_gid = 0
    st_rdev = 0
    st_size = 2048
    st_blksize = 0
    st_blocks = 0
    st_atime = 0x00000000
    st_mtime = 0x00000000
    st_ctime = 0x00000000

**************
INSIDE GETATTR
**************
    si:
    st_dev = 0
    st_ino = 0
    st_mode = 0100666
    st_nlink = 1
    st_uid = 0
    st_gid = 0
    st_rdev = 0
    st_size = 1024
    st_blksize = 0
    st_blocks = 0
    st_atime = 0x00000000
    st_mtime = 0x00000000
    st_ctime = 0x00000000

**************
INSIDE OPEN
**************

bb_open(path"/file1", fi=0xb1737ce0)
    open returned 14
    fi:
    flags = 0x00008001
    fh_old = 0x00000000
    writepage = 0
    direct_io = 0
    keep_cache = 0
    fh = 0x000000000000000e
    lock_owner = 0x0000000000000000

**************
INSIDE GETATTR
**************
    si:
    st_dev = 0
    st_ino = 0
    st_mode = 0100666
    st_nlink = 1
    st_uid = 0
    st_gid = 0
    st_rdev = 0
    st_size = 1024
    st_blksize = 0
    st_blocks = 0
    st_atime = 0x00000000
    st_mtime = 0x00000000
    st_ctime = 0x00000000

bb_write(path="/file1", buf=0xb2b60060, size=7, offset=1023, fi=0xb1737d50)
    fi:
    flags = 0x00008001
    fh_old = 0x0000000e
    writepage = 0
    direct_io = 0
    keep_cache = 0
    fh = 0x000000000000000e
    lock_owner = 0x0000000000000000

**************
INSIDE WRITE file1
**************
    pwrite returned 1

bb_write(path="/file1", buf=0xb2b82060, size=6, offset=1024, fi=0xb1f38d50)
    fi:
    flags = 0x00008001
    fh_old = 0x0000000e
    writepage = 0
    direct_io = 0
    keep_cache = 0
    fh = 0x000000000000000e
    lock_owner = 0x0000000000000000

**************
INSIDE WRITE file1
**************

bb_write(path="/file1", buf=0xb2b60060, size=6, offset=1024, fi=0xb1737d50)
    fi:
    flags = 0x00008001
    fh_old = 0x0000000e
    writepage = 0
    direct_io = 0
    keep_cache = 0
    fh = 0x000000000000000e
    lock_owner = 0x0000000000000000

**************
INSIDE WRITE file1
**************

**************
INSIDE GETATTR
**************
    si:
    st_dev = 0
    st_ino = 0
    st_mode = 040666
    st_nlink = 1
    st_uid = 0
    st_gid = 0
    st_rdev = 0
    st_size = 2048
    st_blksize = 0
    st_blocks = 0
    st_atime = 0x00000000
    st_mtime = 0x00000000
    st_ctime = 0x00000000

**************
INSIDE GETATTR
**************
    si:
    st_dev = 0
    st_ino = 0
    st_mode = 0100666
    st_nlink = 1
    st_uid = 0
    st_gid = 0
    st_rdev = 0
    st_size = 1024
    st_blksize = 0
    st_blocks = 0
    st_atime = 0x00000000
    st_mtime = 0x00000000
    st_ctime = 0x00000000

**************
INSIDE GETATTR
**************
    si:
    st_dev = 0
    st_ino = 0
    st_mode = 0100666
    st_nlink = 1
    st_uid = 0
    st_gid = 0
    st_rdev = 0
    st_size = 1024
    st_blksize = 0
    st_blocks = 0
    st_atime = 0x00000000
    st_mtime = 0x00000000
    st_ctime = 0x00000000

**************
INSIDE GETATTR
**************
    si:
    st_dev = 0
    st_ino = 0
    st_mode = 040666
    st_nlink = 1
    st_uid = 0
    st_gid = 0
    st_rdev = 0
    st_size = 2048
    st_blksize = 0
    st_blocks = 0
    st_atime = 0x00000000
    st_mtime = 0x00000000
    st_ctime = 0x00000000

**************
INSIDE GETATTR
**************
    si:
    st_dev = 0
    st_ino = 0
    st_mode = 040666
    st_nlink = 1
    st_uid = 0
    st_gid = 0
    st_rdev = 0
    st_size = 2048
    st_blksize = 0
    st_blocks = 0
    st_atime = 0x00000000
    st_mtime = 0x00000000
    st_ctime = 0x00000000

**************
INSIDE GETATTR
**************
    si:
    st_dev = 0
    st_ino = 0
    st_mode = 0100666
    st_nlink = 1
    st_uid = 0
    st_gid = 0
    st_rdev = 0
    st_size = 1024
    st_blksize = 0
    st_blocks = 0
    st_atime = 0x00000000
    st_mtime = 0x00000000
    st_ctime = 0x00000000

**************
INSIDE GETATTR
**************
    si:
    st_dev = 0
    st_ino = 0
    st_mode = 0100666
    st_nlink = 1
    st_uid = 0
    st_gid = 0
    st_rdev = 0
    st_size = 1024
    st_blksize = 0
    st_blocks = 0
    st_atime = 0x00000000
    st_mtime = 0x00000000
    st_ctime = 0x00000000

**************
INSIDE GETATTR
**************
    si:
    st_dev = 0
    st_ino = 0
    st_mode = 040666
    st_nlink = 1
    st_uid = 0
    st_gid = 0
    st_rdev = 0
    st_size = 2048
    st_blksize = 0
    st_blocks = 0
    st_atime = 0x00000000
    st_mtime = 0x00000000
    st_ctime = 0x00000000

**************
INSIDE GETATTR
**************
    si:
    st_dev = 0
    st_ino = 0
    st_mode = 0100666
    st_nlink = 1
    st_uid = 0
    st_gid = 0
    st_rdev = 0
    st_size = 1024
    st_blksize = 0
    st_blocks = 0
    st_atime = 0x00000000
    st_mtime = 0x00000000
    st_ctime = 0x00000000

**************
INSIDE OPEN
**************

bb_open(path"/file1", fi=0xb1f38ce0)
    open returned 15
    fi:
    flags = 0x00008000
    fh_old = 0x00000000
    writepage = 0
    direct_io = 0
    keep_cache = 0
    fh = 0x000000000000000f
    lock_owner = 0x0000000000000000

bb_read(path="/file1", buf=0xa4002000, size=4096, offset=0, fi=0xb1737ce0)
    fi:
    flags = 0x00008000
    fh_old = 0x0000000f
    writepage = 0
    direct_io = 0
    keep_cache = 0
    fh = 0x000000000000000f
    lock_owner = 0x0000000000000000

**************
INSIDE READ file1
**************
    pread returned 1024

**************
INSIDE GETATTR
**************
    si:
    st_dev = 0
    st_ino = 0
    st_mode = 0100666
    st_nlink = 1
    st_uid = 0
    st_gid = 0
    st_rdev = 0
    st_size = 1024
    st_blksize = 0
    st_blocks = 0
    st_atime = 0x00000000
    st_mtime = 0x00000000
    st_ctime = 0x00000000

**************
INSIDE GETATTR
**************
    si:
    st_dev = 0
    st_ino = 0
    st_mode = 040666
    st_nlink = 1
    st_uid = 0
    st_gid = 0
    st_rdev = 0
    st_size = 2048
    st_blksize = 0
    st_blocks = 0
    st_atime = 0x00000000
    st_mtime = 0x00000000
    st_ctime = 0x00000000

**************
INSIDE GETATTR
**************
    si:
    st_dev = 0
    st_ino = 0
    st_mode = 0100666
    st_nlink = 1
    st_uid = 0
    st_gid = 0
    st_rdev = 0
    st_size = 1024
    st_blksize = 0
    st_blocks = 0
    st_atime = 0x00000000
    st_mtime = 0x00000000
    st_ctime = 0x00000000

**************
INSIDE GETATTR
**************
    si:
    st_dev = 0
    st_ino = 0
    st_mode = 0100666
    st_nlink = 1
    st_uid = 0
    st_gid = 0
    st_rdev = 0
    st_size = 1024
    st_blksize = 0
    st_blocks = 0
    st_atime = 0x00000000
    st_mtime = 0x00000000
    st_ctime = 0x00000000

**************
INSIDE GETATTR
**************
    si:
    st_dev = 0
    st_ino = 0
    st_mode = 040666
    st_nlink = 1
    st_uid = 0
    st_gid = 0
    st_rdev = 0
    st_size = 2048
    st_blksize = 0
    st_blocks = 0
    st_atime = 0x00000000
    st_mtime = 0x00000000
    st_ctime = 0x00000000

**************
INSIDE GETATTR
**************
    si:
    st_dev = 0
    st_ino = 0
    st_mode = 0100666
    st_nlink = 1
    st_uid = 0
    st_gid = 0
    st_rdev = 0
    st_size = 1024
    st_blksize = 0
    st_blocks = 0
    st_atime = 0x00000000
    st_mtime = 0x00000000
    st_ctime = 0x00000000

**************
INSIDE GETATTR
**************
    si:
    st_dev = 0
    st_ino = 0
    st_mode = 0100666
    st_nlink = 1
    st_uid = 0
    st_gid = 0
    st_rdev = 0
    st_size = 1024
    st_blksize = 0
    st_blocks = 0
    st_atime = 0x00000000
    st_mtime = 0x00000000
    st_ctime = 0x00000000

**************
INSIDE GETATTR
**************
    si:
    st_dev = 0
    st_ino = 0
    st_mode = 040666
    st_nlink = 1
    st_uid = 0
    st_gid = 0
    st_rdev = 0
    st_size = 2048
    st_blksize = 0
    st_blocks = 0
    st_atime = 0x00000000
    st_mtime = 0x00000000
    st_ctime = 0x00000000

**************
INSIDE GETATTR
**************
    si:
    st_dev = 0
    st_ino = 0
    st_mode = 040666
    st_nlink = 1
    st_uid = 0
    st_gid = 0
    st_rdev = 0
    st_size = 2048
    st_blksize = 0
    st_blocks = 0
    st_atime = 0x00000000
    st_mtime = 0x00000000
    st_ctime = 0x00000000

**************
INSIDE GETATTR
**************
    si:
    st_dev = 0
    st_ino = 0
    st_mode = 0100666
    st_nlink = 1
    st_uid = 0
    st_gid = 0
    st_rdev = 0
    st_size = 1024
    st_blksize = 0
    st_blocks = 0
    st_atime = 0x00000000
    st_mtime = 0x00000000
    st_ctime = 0x00000000

**************
INSIDE OPEN
**************

bb_open(path"/file2", fi=0xb1f38ce0)
    open returned 16
    fi:
    flags = 0x00008000
    fh_old = 0x00000000
    writepage = 0
    direct_io = 0
    keep_cache = 0
    fh = 0x0000000000000010
    lock_owner = 0x0000000000000000

bb_read(path="/file2", buf=0xa4002510, size=4096, offset=0, fi=0xb1737ce0)
    fi:
    flags = 0x00008000
    fh_old = 0x00000010
    writepage = 0
    direct_io = 0
    keep_cache = 0
    fh = 0x0000000000000010
    lock_owner = 0x0000000000000000

**************
INSIDE READ file2
**************
    pread returned 1024

**************
INSIDE GETATTR
**************
    si:
    st_dev = 0
    st_ino = 0
    st_mode = 0100666
    st_nlink = 1
    st_uid = 0
    st_gid = 0
    st_rdev = 0
    st_size = 1024
    st_blksize = 0
    st_blocks = 0
    st_atime = 0x00000000
    st_mtime = 0x00000000
    st_ctime = 0x00000000

**************
INSIDE GETATTR
**************
    si:
    st_dev = 0
    st_ino = 0
    st_mode = 0100666
    st_nlink = 1
    st_uid = 0
    st_gid = 0
    st_rdev = 0
    st_size = 1024
    st_blksize = 0
    st_blocks = 0
    st_atime = 0x00000000
    st_mtime = 0x00000000
    st_ctime = 0x00000000

**************
INSIDE OPEN
**************

bb_open(path"/file1", fi=0xb1737ce0)
    open returned 17
    fi:
    flags = 0x00008000
    fh_old = 0x00000000
    writepage = 0
    direct_io = 0
    keep_cache = 0
    fh = 0x0000000000000011
    lock_owner = 0x0000000000000000

bb_read(path="/file1", buf=0xac002a40, size=4096, offset=0, fi=0xb1f38ce0)
    fi:
    flags = 0x00008000
    fh_old = 0x00000011
    writepage = 0
    direct_io = 0
    keep_cache = 0
    fh = 0x0000000000000011
    lock_owner = 0x0000000000000000

**************
INSIDE READ file1
**************
    pread returned 1024

**************
INSIDE GETATTR
**************
    si:
    st_dev = 0
    st_ino = 0
    st_mode = 0100666
    st_nlink = 1
    st_uid = 0
    st_gid = 0
    st_rdev = 0
    st_size = 1024
    st_blksize = 0
    st_blocks = 0
    st_atime = 0x00000000
    st_mtime = 0x00000000
    st_ctime = 0x00000000

**************
INSIDE GETATTR
**************
    si:
    st_dev = 0
    st_ino = 0
    st_mode = 040666
    st_nlink = 1
    st_uid = 0
    st_gid = 0
    st_rdev = 0
    st_size = 2048
    st_blksize = 0
    st_blocks = 0
    st_atime = 0x00000000
    st_mtime = 0x00000000
    st_ctime = 0x00000000

**************
INSIDE GETATTR
**************
    si:
    st_dev = 0
    st_ino = 0
    st_mode = 040666
    st_nlink = 1
    st_uid = 0
    st_gid = 0
    st_rdev = 0
    st_size = 2048
    st_blksize = 0
    st_blocks = 0
    st_atime = 0x00000000
    st_mtime = 0x00000000
    st_ctime = 0x00000000

**************
INSIDE GETATTR
**************
    si:
    st_dev = 0
    st_ino = 0
    st_mode = 040666
    st_nlink = 1
    st_uid = 0
    st_gid = 0
    st_rdev = 0
    st_size = 2048
    st_blksize = 0
    st_blocks = 0
    st_atime = 0x00000000
    st_mtime = 0x00000000
    st_ctime = 0x00000000

**************
INSIDE GETATTR
**************
    si:
    st_dev = 0
    st_ino = 0
    st_mode = 040666
    st_nlink = 1
    st_uid = 0
    st_gid = 0
    st_rdev = 0
    st_size = 2048
    st_blksize = 0
    st_blocks = 0
    st_atime = 0x00000000
    st_mtime = 0x00000000
    st_ctime = 0x00000000

**************
INSIDE GETATTR
**************
    si:
    st_dev = 0
    st_ino = 0
    st_mode = 0100666
    st_nlink = 1
    st_uid = 0
    st_gid = 0
    st_rdev = 0
    st_size = 1024
    st_blksize = 0
    st_blocks = 0
    st_atime = 0x00000000
    st_mtime = 0x00000000
    st_ctime = 0x00000000

**************
INSIDE GETATTR
**************
    si:
    st_dev = 0
    st_ino = 0
    st_mode = 0100666
    st_nlink = 1
    st_uid = 0
    st_gid = 0
    st_rdev = 0
    st_size = 1024
    st_blksize = 0
    st_blocks = 0
    st_atime = 0x00000000
    st_mtime = 0x00000000
    st_ctime = 0x00000000

**************
INSIDE GETATTR
**************
    si:
    st_dev = 0
    st_ino = 0
    st_mode = 0100666
    st_nlink = 1
    st_uid = 0
    st_gid = 0
    st_rdev = 0
    st_size = 1024
    st_blksize = 0
    st_blocks = 0
    st_atime = 0x00000000
    st_mtime = 0x00000000
    st_ctime = 0x00000000

**************
INSIDE OPEN
**************

bb_open(path"/file2", fi=0xb1f38ce0)
    open returned 18
    fi:
    flags = 0x00008001
    fh_old = 0x00000000
    writepage = 0
    direct_io = 0
    keep_cache = 0
    fh = 0x0000000000000012
    lock_owner = 0x0000000000000000

**************
INSIDE GETATTR
**************
    si:
    st_dev = 0
    st_ino = 0
    st_mode = 0100666
    st_nlink = 1
    st_uid = 0
    st_gid = 0
    st_rdev = 0
    st_size = 1024
    st_blksize = 0
    st_blocks = 0
    st_atime = 0x00000000
    st_mtime = 0x00000000
    st_ctime = 0x00000000

bb_write(path="/file2", buf=0xb2b82060, size=9, offset=0, fi=0xb1f38d50)
    fi:
    flags = 0x00008001
    fh_old = 0x00000012
    writepage = 0
    direct_io = 0
    keep_cache = 0
    fh = 0x0000000000000012
    lock_owner = 0x0000000000000000

**************
INSIDE WRITE file2
**************
    pwrite returned 9

**************
INSIDE GETATTR
**************
    si:
    st_dev = 0
    st_ino = 0
    st_mode = 040666
    st_nlink = 1
    st_uid = 0
    st_gid = 0
    st_rdev = 0
    st_size = 2048
    st_blksize = 0
    st_blocks = 0
    st_atime = 0x00000000
    st_mtime = 0x00000000
    st_ctime = 0x00000000

**************
INSIDE GETATTR
**************
    si:
    st_dev = 0
    st_ino = 0
    st_mode = 0100666
    st_nlink = 1
    st_uid = 0
    st_gid = 0
    st_rdev = 0
    st_size = 1024
    st_blksize = 0
    st_blocks = 0
    st_atime = 0x00000000
    st_mtime = 0x00000000
    st_ctime = 0x00000000

**************
INSIDE GETATTR
**************
    si:
    st_dev = 0
    st_ino = 0
    st_mode = 0100666
    st_nlink = 1
    st_uid = 0
    st_gid = 0
    st_rdev = 0
    st_size = 1024
    st_blksize = 0
    st_blocks = 0
    st_atime = 0x00000000
    st_mtime = 0x00000000
    st_ctime = 0x00000000

**************
INSIDE GETATTR
**************
    si:
    st_dev = 0
    st_ino = 0
    st_mode = 040666
    st_nlink = 1
    st_uid = 0
    st_gid = 0
    st_rdev = 0
    st_size = 2048
    st_blksize = 0
    st_blocks = 0
    st_atime = 0x00000000
    st_mtime = 0x00000000
    st_ctime = 0x00000000

**************
INSIDE GETATTR
**************
    si:
    st_dev = 0
    st_ino = 0
    st_mode = 0100666
    st_nlink = 1
    st_uid = 0
    st_gid = 0
    st_rdev = 0
    st_size = 1024
    st_blksize = 0
    st_blocks = 0
    st_atime = 0x00000000
    st_mtime = 0x00000000
    st_ctime = 0x00000000

**************
INSIDE OPEN
**************

bb_open(path"/file2", fi=0xb1737ce0)
    open returned 19
    fi:
    flags = 0x00008000
    fh_old = 0x00000000
    writepage = 0
    direct_io = 0
    keep_cache = 0
    fh = 0x0000000000000013
    lock_owner = 0x0000000000000000

bb_read(path="/file2", buf=0xac002a40, size=4096, offset=0, fi=0xb1f38ce0)
    fi:
    flags = 0x00008000
    fh_old = 0x00000013
    writepage = 0
    direct_io = 0
    keep_cache = 0
    fh = 0x0000000000000013
    lock_owner = 0x0000000000000000

**************
INSIDE READ file2
**************
    pread returned 1024

**************
INSIDE GETATTR
**************
    si:
    st_dev = 0
    st_ino = 0
    st_mode = 0100666
    st_nlink = 1
    st_uid = 0
    st_gid = 0
    st_rdev = 0
    st_size = 1024
    st_blksize = 0
    st_blocks = 0
    st_atime = 0x00000000
    st_mtime = 0x00000000
    st_ctime = 0x00000000

**************
INSIDE GETATTR
**************
    si:
    st_dev = 0
    st_ino = 0
    st_mode = 040666
    st_nlink = 1
    st_uid = 0
    st_gid = 0
    st_rdev = 0
    st_size = 2048
    st_blksize = 0
    st_blocks = 0
    st_atime = 0x00000000
    st_mtime = 0x00000000
    st_ctime = 0x00000000

**************
INSIDE GETATTR
**************
    si:
    st_dev = 0
    st_ino = 0
    st_mode = 0100666
    st_nlink = 1
    st_uid = 0
    st_gid = 0
    st_rdev = 0
    st_size = 1024
    st_blksize = 0
    st_blocks = 0
    st_atime = 0x00000000
    st_mtime = 0x00000000
    st_ctime = 0x00000000

**************
INSIDE OPEN
**************

bb_open(path"/file2", fi=0xb1f38ce0)
    open returned 20
    fi:
    flags = 0x00008000
    fh_old = 0x00000000
    writepage = 0
    direct_io = 0
    keep_cache = 0
    fh = 0x0000000000000014
    lock_owner = 0x0000000000000000

bb_read(path="/file2", buf=0xa4002510, size=4096, offset=0, fi=0xb1737ce0)
    fi:
    flags = 0x00008000
    fh_old = 0x00000014
    writepage = 0
    direct_io = 0
    keep_cache = 0
    fh = 0x0000000000000014
    lock_owner = 0x0000000000000000

**************
INSIDE READ file2
**************
    pread returned 1024

**************
INSIDE GETATTR
**************
    si:
    st_dev = 0
    st_ino = 0
    st_mode = 0100666
    st_nlink = 1
    st_uid = 0
    st_gid = 0
    st_rdev = 0
    st_size = 1024
    st_blksize = 0
    st_blocks = 0
    st_atime = 0x00000000
    st_mtime = 0x00000000
    st_ctime = 0x00000000

**************
INSIDE GETATTR
**************
    si:
    st_dev = 0
    st_ino = 0
    st_mode = 040666
    st_nlink = 1
    st_uid = 0
    st_gid = 0
    st_rdev = 0
    st_size = 2048
    st_blksize = 0
    st_blocks = 0
    st_atime = 0x00000000
    st_mtime = 0x00000000
    st_ctime = 0x00000000

**************
INSIDE GETATTR
**************
    si:
    st_dev = 0
    st_ino = 0
    st_mode = 040666
    st_nlink = 1
    st_uid = 0
    st_gid = 0
    st_rdev = 0
    st_size = 2048
    st_blksize = 0
    st_blocks = 0
    st_atime = 0x00000000
    st_mtime = 0x00000000
    st_ctime = 0x00000000
